[config] wrote /mnt/data/wzy/prompt-stdiff/configs/.tmp_pems04_h12_g0_1935181.yaml
[2026-06-17 21:55:24,103] INFO - Using device: cuda:0
[2026-06-17 21:55:31,191] INFO - Epoch 1 Step 50 | loss=0.693671
[2026-06-17 21:55:35,723] INFO - Epoch 1 Step 100 | loss=0.644836
[2026-06-17 21:55:40,234] INFO - Epoch 1 Step 150 | loss=0.687988
[2026-06-17 21:55:44,731] INFO - Epoch 1 Step 200 | loss=0.623205
[2026-06-17 21:55:49,234] INFO - Epoch 1 Step 250 | loss=0.622761
[2026-06-17 21:55:53,724] INFO - Epoch 1 Step 300 | loss=0.633796
[2026-06-17 21:55:55,280] INFO - Epoch 1 | train_loss=0.676089
[2026-06-17 21:55:55,281] INFO - Epoch 1 | start validation (val_batches=106, nsample=20, diffusion_steps=50, max_batches=20)
[2026-06-17 22:00:06,101] INFO - Validation progress | batch 10/106
[2026-06-17 22:04:16,850] INFO - Validation progress | batch 20/106
[2026-06-17 22:04:16,850] INFO - Validation early stop at max_batches=20 (processed 20/106 batches)
[2026-06-17 22:04:16,896] INFO - Epoch 1 | validation finished in 501.62s
[2026-06-17 22:04:16,896] INFO - Epoch 1 | val_mae=30.098656 val_rmse=45.147446 val_mape=0.227765 val_crps=22.389569
[2026-06-17 22:04:16,896] INFO - Epoch 1 | horizon=3 | MAE=24.607679 RMSE=37.185856 CRPS=18.145030
[2026-06-17 22:04:16,896] INFO - Epoch 1 | horizon=6 | MAE=28.576109 RMSE=42.975342 CRPS=21.131686
[2026-06-17 22:04:16,896] INFO - Epoch 1 | horizon=12 | MAE=38.897644 RMSE=56.097832 CRPS=29.468095
[2026-06-17 22:04:21,527] INFO - Epoch 2 Step 50 | loss=0.667684
[2026-06-17 22:04:26,044] INFO - Epoch 2 Step 100 | loss=0.632485
[2026-06-17 22:04:30,548] INFO - Epoch 2 Step 150 | loss=0.580165
[2026-06-17 22:04:35,070] INFO - Epoch 2 Step 200 | loss=0.593688
[2026-06-17 22:04:39,600] INFO - Epoch 2 Step 250 | loss=0.626943
[2026-06-17 22:04:44,115] INFO - Epoch 2 Step 300 | loss=0.695609
[2026-06-17 22:04:45,729] INFO - Epoch 2 | train_loss=0.600750
[2026-06-17 22:04:45,729] INFO - Epoch 2 | start validation (val_batches=106, nsample=20, diffusion_steps=50, max_batches=20)
[2026-06-17 22:08:56,531] INFO - Validation progress | batch 10/106
[2026-06-17 22:13:07,160] INFO - Validation progress | batch 20/106
[2026-06-17 22:13:07,160] INFO - Validation early stop at max_batches=20 (processed 20/106 batches)
[2026-06-17 22:13:07,204] INFO - Epoch 2 | validation finished in 501.47s
[2026-06-17 22:13:07,205] INFO - Epoch 2 | val_mae=29.251574 val_rmse=44.015995 val_mape=0.202270 val_crps=21.500465
[2026-06-17 22:13:07,205] INFO - Epoch 2 | horizon=3 | MAE=24.443220 RMSE=36.931534 CRPS=17.807107
[2026-06-17 22:13:07,205] INFO - Epoch 2 | horizon=6 | MAE=28.758492 RMSE=42.846649 CRPS=20.979178
[2026-06-17 22:13:07,205] INFO - Epoch 2 | horizon=12 | MAE=36.405487 RMSE=53.407871 CRPS=27.163218
[2026-06-17 22:13:12,838] INFO - Epoch 3 Step 50 | loss=0.500387
[2026-06-17 22:13:17,331] INFO - Epoch 3 Step 100 | loss=0.549686
[2026-06-17 22:13:21,819] INFO - Epoch 3 Step 150 | loss=0.490181
[2026-06-17 22:13:26,311] INFO - Epoch 3 Step 200 | loss=0.520292
[2026-06-17 22:13:30,819] INFO - Epoch 3 Step 250 | loss=0.467926
[2026-06-17 22:13:35,315] INFO - Epoch 3 Step 300 | loss=0.616196
[2026-06-17 22:13:36,884] INFO - Epoch 3 | train_loss=0.580589
[2026-06-17 22:13:36,885] INFO - Epoch 3 | start validation (val_batches=106, nsample=20, diffusion_steps=50, max_batches=20)
[2026-06-17 22:17:47,775] INFO - Validation progress | batch 10/106
[2026-06-17 22:21:58,571] INFO - Validation progress | batch 20/106
[2026-06-17 22:21:58,571] INFO - Validation early stop at max_batches=20 (processed 20/106 batches)
[2026-06-17 22:21:58,649] INFO - Epoch 3 | validation finished in 501.76s
[2026-06-17 22:21:58,664] INFO - Epoch 3 | val_mae=30.929167 val_rmse=45.739223 val_mape=0.207354 val_crps=22.432331
[2026-06-17 22:21:58,664] INFO - Epoch 3 | horizon=3 | MAE=28.437834 RMSE=41.349556 CRPS=20.397094
[2026-06-17 22:21:58,664] INFO - Epoch 3 | horizon=6 | MAE=30.156916 RMSE=44.593430 CRPS=21.826721
[2026-06-17 22:21:58,664] INFO - Epoch 3 | horizon=12 | MAE=35.189346 RMSE=52.056667 CRPS=25.876246
[2026-06-17 22:22:04,024] INFO - Epoch 4 Step 50 | loss=0.606013
[2026-06-17 22:22:08,529] INFO - Epoch 4 Step 100 | loss=0.554429
[2026-06-17 22:22:13,038] INFO - Epoch 4 Step 150 | loss=0.588746
[2026-06-17 22:22:17,545] INFO - Epoch 4 Step 200 | loss=0.555922
[2026-06-17 22:22:22,042] INFO - Epoch 4 Step 250 | loss=0.601239
[2026-06-17 22:22:26,540] INFO - Epoch 4 Step 300 | loss=0.629336
[2026-06-17 22:22:28,109] INFO - Epoch 4 | train_loss=0.573634
[2026-06-17 22:22:28,109] INFO - Epoch 4 | start validation (val_batches=106, nsample=20, diffusion_steps=50, max_batches=20)
[2026-06-17 22:26:38,948] INFO - Validation progress | batch 10/106
[2026-06-17 22:30:49,723] INFO - Validation progress | batch 20/106
[2026-06-17 22:30:49,723] INFO - Validation early stop at max_batches=20 (processed 20/106 batches)
[2026-06-17 22:30:49,768] INFO - Epoch 4 | validation finished in 501.66s
[2026-06-17 22:30:49,768] INFO - Epoch 4 | val_mae=27.601784 val_rmse=41.996929 val_mape=0.191250 val_crps=20.328116
[2026-06-17 22:30:49,768] INFO - Epoch 4 | horizon=3 | MAE=24.490788 RMSE=37.008469 CRPS=17.895474
[2026-06-17 22:30:49,768] INFO - Epoch 4 | horizon=6 | MAE=26.823437 RMSE=40.785480 CRPS=19.683556
[2026-06-17 22:30:49,768] INFO - Epoch 4 | horizon=12 | MAE=33.269836 RMSE=49.833824 CRPS=24.770927
[2026-06-17 22:30:55,128] INFO - Epoch 5 Step 50 | loss=0.590833
[2026-06-17 22:30:59,625] INFO - Epoch 5 Step 100 | loss=0.597622
[2026-06-17 22:31:04,133] INFO - Epoch 5 Step 150 | loss=0.652682
[2026-06-17 22:31:08,622] INFO - Epoch 5 Step 200 | loss=0.549645
[2026-06-17 22:31:13,124] INFO - Epoch 5 Step 250 | loss=0.648423
[2026-06-17 22:31:17,621] INFO - Epoch 5 Step 300 | loss=0.583224
[2026-06-17 22:31:19,187] INFO - Epoch 5 | train_loss=0.565031
[2026-06-17 22:31:19,188] INFO - Epoch 5 | start validation (val_batches=106, nsample=20, diffusion_steps=50, max_batches=20)
[2026-06-17 22:35:30,111] INFO - Validation progress | batch 10/106
[2026-06-17 22:39:40,924] INFO - Validation progress | batch 20/106
[2026-06-17 22:39:40,925] INFO - Validation early stop at max_batches=20 (processed 20/106 batches)
[2026-06-17 22:39:40,973] INFO - Epoch 5 | validation finished in 501.79s
[2026-06-17 22:39:40,973] INFO - Epoch 5 | val_mae=29.378803 val_rmse=42.740246 val_mape=0.254459 val_crps=21.714733
[2026-06-17 22:39:40,974] INFO - Epoch 5 | horizon=3 | MAE=26.465849 RMSE=38.327084 CRPS=19.352045
[2026-06-17 22:39:40,974] INFO - Epoch 5 | horizon=6 | MAE=28.991676 RMSE=42.072098 CRPS=21.334587
[2026-06-17 22:39:40,974] INFO - Epoch 5 | horizon=12 | MAE=34.061485 RMSE=49.247913 CRPS=25.635872
[2026-06-17 22:39:45,930] INFO - Epoch 6 Step 50 | loss=0.583092
[2026-06-17 22:39:50,439] INFO - Epoch 6 Step 100 | loss=0.561036
[2026-06-17 22:39:54,936] INFO - Epoch 6 Step 150 | loss=0.626578
[2026-06-17 22:39:59,430] INFO - Epoch 6 Step 200 | loss=0.684983
[2026-06-17 22:40:03,934] INFO - Epoch 6 Step 250 | loss=0.648592
[2026-06-17 22:40:08,439] INFO - Epoch 6 Step 300 | loss=0.572648
[2026-06-17 22:40:10,005] INFO - Epoch 6 | train_loss=0.565506
[2026-06-17 22:40:10,006] INFO - Epoch 6 | start validation (val_batches=106, nsample=20, diffusion_steps=50, max_batches=20)
[2026-06-17 22:44:20,893] INFO - Validation progress | batch 10/106
[2026-06-17 22:48:31,637] INFO - Validation progress | batch 20/106
[2026-06-17 22:48:31,637] INFO - Validation early stop at max_batches=20 (processed 20/106 batches)
[2026-06-17 22:48:31,697] INFO - Epoch 6 | validation finished in 501.69s
[2026-06-17 22:48:31,697] INFO - Epoch 6 | val_mae=27.004940 val_rmse=41.558216 val_mape=0.177583 val_crps=19.908009
[2026-06-17 22:48:31,697] INFO - Epoch 6 | horizon=3 | MAE=23.375938 RMSE=36.057667 CRPS=17.195919
[2026-06-17 22:48:31,697] INFO - Epoch 6 | horizon=6 | MAE=26.451624 RMSE=40.655704 CRPS=19.438474
[2026-06-17 22:48:31,697] INFO - Epoch 6 | horizon=12 | MAE=32.929783 RMSE=49.427723 CRPS=24.408438
[2026-06-17 22:48:36,813] INFO - Epoch 7 Step 50 | loss=0.571676
[2026-06-17 22:48:41,322] INFO - Epoch 7 Step 100 | loss=0.508760
[2026-06-17 22:48:45,829] INFO - Epoch 7 Step 150 | loss=0.598560
[2026-06-17 22:48:50,350] INFO - Epoch 7 Step 200 | loss=0.482109
[2026-06-17 22:48:54,862] INFO - Epoch 7 Step 250 | loss=0.547146
[2026-06-17 22:48:59,364] INFO - Epoch 7 Step 300 | loss=0.535617
[2026-06-17 22:49:00,930] INFO - Epoch 7 | train_loss=0.556429
[2026-06-17 22:49:00,930] INFO - Epoch 7 | start validation (val_batches=106, nsample=20, diffusion_steps=50, max_batches=20)
[2026-06-17 22:53:11,939] INFO - Validation progress | batch 10/106
[2026-06-17 22:57:22,709] INFO - Validation progress | batch 20/106
[2026-06-17 22:57:22,709] INFO - Validation early stop at max_batches=20 (processed 20/106 batches)
[2026-06-17 22:57:22,750] INFO - Epoch 7 | validation finished in 501.82s
[2026-06-17 22:57:22,751] INFO - Epoch 7 | val_mae=26.961002 val_rmse=41.442326 val_mape=0.176937 val_crps=19.917622
[2026-06-17 22:57:22,751] INFO - Epoch 7 | horizon=3 | MAE=23.215986 RMSE=35.841278 CRPS=17.146792
[2026-06-17 22:57:22,751] INFO - Epoch 7 | horizon=6 | MAE=26.248980 RMSE=40.389343 CRPS=19.301443
[2026-06-17 22:57:22,751] INFO - Epoch 7 | horizon=12 | MAE=33.175148 RMSE=49.597702 CRPS=24.636692
[2026-06-17 22:57:28,334] INFO - Epoch 8 Step 50 | loss=0.499406
[2026-06-17 22:57:32,832] INFO - Epoch 8 Step 100 | loss=0.505955
[2026-06-17 22:57:37,325] INFO - Epoch 8 Step 150 | loss=0.579948
[2026-06-17 22:57:41,811] INFO - Epoch 8 Step 200 | loss=0.501338
[2026-06-17 22:57:46,324] INFO - Epoch 8 Step 250 | loss=0.638392
[2026-06-17 22:57:50,835] INFO - Epoch 8 Step 300 | loss=0.618295
[2026-06-17 22:57:52,414] INFO - Epoch 8 | train_loss=0.554405
[2026-06-17 22:57:52,415] INFO - Epoch 8 | start validation (val_batches=106, nsample=20, diffusion_steps=50, max_batches=20)
[2026-06-17 23:02:03,214] INFO - Validation progress | batch 10/106
[2026-06-17 23:06:13,994] INFO - Validation progress | batch 20/106
[2026-06-17 23:06:13,994] INFO - Validation early stop at max_batches=20 (processed 20/106 batches)
[2026-06-17 23:06:14,077] INFO - Epoch 8 | validation finished in 501.66s
[2026-06-17 23:06:14,078] INFO - Epoch 8 | val_mae=27.592710 val_rmse=42.107761 val_mape=0.180733 val_crps=20.330864
[2026-06-17 23:06:14,078] INFO - Epoch 8 | horizon=3 | MAE=23.789404 RMSE=36.594421 CRPS=17.397639
[2026-06-17 23:06:14,078] INFO - Epoch 8 | horizon=6 | MAE=26.858427 RMSE=40.889328 CRPS=19.678052
[2026-06-17 23:06:14,078] INFO - Epoch 8 | horizon=12 | MAE=34.255222 RMSE=50.629551 CRPS=25.588178
[2026-06-17 23:06:18,928] INFO - Epoch 9 Step 50 | loss=0.621832
[2026-06-17 23:06:23,420] INFO - Epoch 9 Step 100 | loss=0.536625
[2026-06-17 23:06:27,912] INFO - Epoch 9 Step 150 | loss=0.618495
[2026-06-17 23:06:32,405] INFO - Epoch 9 Step 200 | loss=0.520009
[2026-06-17 23:06:36,895] INFO - Epoch 9 Step 250 | loss=0.549965
[2026-06-17 23:06:41,380] INFO - Epoch 9 Step 300 | loss=0.589223
[2026-06-17 23:06:42,941] INFO - Epoch 9 | train_loss=0.547580
[2026-06-17 23:06:42,942] INFO - Epoch 9 | start validation (val_batches=106, nsample=20, diffusion_steps=50, max_batches=20)
[2026-06-17 23:10:53,865] INFO - Validation progress | batch 10/106
[2026-06-17 23:15:04,668] INFO - Validation progress | batch 20/106
[2026-06-17 23:15:04,668] INFO - Validation early stop at max_batches=20 (processed 20/106 batches)
[2026-06-17 23:15:04,706] INFO - Epoch 9 | validation finished in 501.76s
[2026-06-17 23:15:04,707] INFO - Epoch 9 | val_mae=26.649500 val_rmse=41.003716 val_mape=0.173228 val_crps=19.648323
[2026-06-17 23:15:04,707] INFO - Epoch 9 | horizon=3 | MAE=23.085306 RMSE=35.642338 CRPS=16.976900
[2026-06-17 23:15:04,707] INFO - Epoch 9 | horizon=6 | MAE=26.075432 RMSE=40.131832 CRPS=19.128333
[2026-06-17 23:15:04,707] INFO - Epoch 9 | horizon=12 | MAE=32.482834 RMSE=48.670799 CRPS=24.115755
[2026-06-17 23:15:10,620] INFO - Epoch 10 Step 50 | loss=0.540687
[2026-06-17 23:15:15,110] INFO - Epoch 10 Step 100 | loss=0.532439
[2026-06-17 23:15:19,587] INFO - Epoch 10 Step 150 | loss=0.605165
[2026-06-17 23:15:24,072] INFO - Epoch 10 Step 200 | loss=0.550780
[2026-06-17 23:15:28,549] INFO - Epoch 10 Step 250 | loss=0.620972
[2026-06-17 23:15:33,045] INFO - Epoch 10 Step 300 | loss=0.572331
[2026-06-17 23:15:34,610] INFO - Epoch 10 | train_loss=0.544867
[2026-06-17 23:15:34,610] INFO - Epoch 10 | start validation (val_batches=106, nsample=20, diffusion_steps=50, max_batches=20)
[2026-06-17 23:19:45,519] INFO - Validation progress | batch 10/106
[2026-06-17 23:23:56,333] INFO - Validation progress | batch 20/106
[2026-06-17 23:23:56,334] INFO - Validation early stop at max_batches=20 (processed 20/106 batches)
[2026-06-17 23:23:56,385] INFO - Epoch 10 | validation finished in 501.77s
[2026-06-17 23:23:56,385] INFO - Epoch 10 | val_mae=26.366991 val_rmse=40.469158 val_mape=0.177984 val_crps=19.381312
[2026-06-17 23:23:56,385] INFO - Epoch 10 | horizon=3 | MAE=22.794201 RMSE=35.338078 CRPS=16.669522
[2026-06-17 23:23:56,385] INFO - Epoch 10 | horizon=6 | MAE=26.019417 RMSE=39.771988 CRPS=19.022102
[2026-06-17 23:23:56,385] INFO - Epoch 10 | horizon=12 | MAE=31.928814 RMSE=47.669724 CRPS=23.764737
[2026-06-17 23:24:01,886] INFO - Epoch 11 Step 50 | loss=0.585624
[2026-06-17 23:24:06,402] INFO - Epoch 11 Step 100 | loss=0.571585
[2026-06-17 23:24:10,908] INFO - Epoch 11 Step 150 | loss=0.549899
[2026-06-17 23:24:15,427] INFO - Epoch 11 Step 200 | loss=0.623167
[2026-06-17 23:24:19,942] INFO - Epoch 11 Step 250 | loss=0.531126
[2026-06-17 23:24:24,455] INFO - Epoch 11 Step 300 | loss=0.636972
[2026-06-17 23:24:26,025] INFO - Epoch 11 | train_loss=0.547986
[2026-06-17 23:24:26,026] INFO - Epoch 11 | start validation (val_batches=106, nsample=20, diffusion_steps=50, max_batches=20)
[2026-06-17 23:28:36,977] INFO - Validation progress | batch 10/106
[2026-06-17 23:32:47,769] INFO - Validation progress | batch 20/106
[2026-06-17 23:32:47,769] INFO - Validation early stop at max_batches=20 (processed 20/106 batches)
[2026-06-17 23:32:47,807] INFO - Epoch 11 | validation finished in 501.78s
[2026-06-17 23:32:47,807] INFO - Epoch 11 | val_mae=27.571491 val_rmse=41.111835 val_mape=0.211092 val_crps=20.323405
[2026-06-17 23:32:47,807] INFO - Epoch 11 | horizon=3 | MAE=24.797806 RMSE=36.610538 CRPS=18.056002
[2026-06-17 23:32:47,807] INFO - Epoch 11 | horizon=6 | MAE=27.536201 RMSE=40.671528 CRPS=20.228240
[2026-06-17 23:32:47,807] INFO - Epoch 11 | horizon=12 | MAE=32.176754 RMSE=47.744221 CRPS=24.139655
[2026-06-17 23:32:52,735] INFO - Epoch 12 Step 50 | loss=0.510134
[2026-06-17 23:32:57,238] INFO - Epoch 12 Step 100 | loss=0.519559
[2026-06-17 23:33:01,739] INFO - Epoch 12 Step 150 | loss=0.445883
[2026-06-17 23:33:06,233] INFO - Epoch 12 Step 200 | loss=0.553799
[2026-06-17 23:33:10,744] INFO - Epoch 12 Step 250 | loss=0.550906
[2026-06-17 23:33:15,248] INFO - Epoch 12 Step 300 | loss=0.543675
[2026-06-17 23:33:16,816] INFO - Epoch 12 | train_loss=0.547804
[2026-06-17 23:33:16,817] INFO - Epoch 12 | start validation (val_batches=106, nsample=20, diffusion_steps=50, max_batches=20)
[2026-06-17 23:37:27,739] INFO - Validation progress | batch 10/106
[2026-06-17 23:41:38,582] INFO - Validation progress | batch 20/106
[2026-06-17 23:41:38,582] INFO - Validation early stop at max_batches=20 (processed 20/106 batches)
[2026-06-17 23:41:38,641] INFO - Epoch 12 | validation finished in 501.82s
[2026-06-17 23:41:38,641] INFO - Epoch 12 | val_mae=26.571335 val_rmse=40.973476 val_mape=0.165712 val_crps=19.480271
[2026-06-17 23:41:38,641] INFO - Epoch 12 | horizon=3 | MAE=23.063187 RMSE=35.792210 CRPS=16.854821
[2026-06-17 23:41:38,641] INFO - Epoch 12 | horizon=6 | MAE=26.056948 RMSE=40.198971 CRPS=19.041794
[2026-06-17 23:41:38,641] INFO - Epoch 12 | horizon=12 | MAE=32.290939 RMSE=48.259407 CRPS=23.844696
[2026-06-17 23:41:43,785] INFO - Epoch 13 Step 50 | loss=0.560452
[2026-06-17 23:41:48,295] INFO - Epoch 13 Step 100 | loss=0.592854
[2026-06-17 23:41:52,798] INFO - Epoch 13 Step 150 | loss=0.634752
[2026-06-17 23:41:57,316] INFO - Epoch 13 Step 200 | loss=0.485800
[2026-06-17 23:42:01,825] INFO - Epoch 13 Step 250 | loss=0.595474
[2026-06-17 23:42:06,326] INFO - Epoch 13 Step 300 | loss=0.639763
[2026-06-17 23:42:07,893] INFO - Epoch 13 | train_loss=0.547576
[2026-06-17 23:42:07,893] INFO - Epoch 13 | start validation (val_batches=106, nsample=20, diffusion_steps=50, max_batches=20)
[2026-06-17 23:46:18,793] INFO - Validation progress | batch 10/106
[2026-06-17 23:50:29,446] INFO - Validation progress | batch 20/106
[2026-06-17 23:50:29,447] INFO - Validation early stop at max_batches=20 (processed 20/106 batches)
[2026-06-17 23:50:29,483] INFO - Epoch 13 | validation finished in 501.59s
[2026-06-17 23:50:29,483] INFO - Epoch 13 | val_mae=26.079119 val_rmse=40.245159 val_mape=0.167097 val_crps=19.177054
[2026-06-17 23:50:29,483] INFO - Epoch 13 | horizon=3 | MAE=22.773993 RMSE=35.360435 CRPS=16.743268
[2026-06-17 23:50:29,483] INFO - Epoch 13 | horizon=6 | MAE=25.601166 RMSE=39.516289 CRPS=18.737540
[2026-06-17 23:50:29,483] INFO - Epoch 13 | horizon=12 | MAE=31.606823 RMSE=47.329632 CRPS=23.340950
[2026-06-17 23:50:35,097] INFO - Epoch 14 Step 50 | loss=0.529991
[2026-06-17 23:50:39,607] INFO - Epoch 14 Step 100 | loss=0.549725
[2026-06-17 23:50:44,111] INFO - Epoch 14 Step 150 | loss=0.674612
[2026-06-17 23:50:48,605] INFO - Epoch 14 Step 200 | loss=0.480605
[2026-06-17 23:50:53,121] INFO - Epoch 14 Step 250 | loss=0.518175
[2026-06-17 23:50:57,625] INFO - Epoch 14 Step 300 | loss=0.552482
[2026-06-17 23:50:59,188] INFO - Epoch 14 | train_loss=0.540848
[2026-06-17 23:50:59,188] INFO - Epoch 14 | start validation (val_batches=106, nsample=20, diffusion_steps=50, max_batches=20)
[2026-06-17 23:55:11,592] INFO - Validation progress | batch 10/106
