[config] wrote /mnt/data/wzy/prompt-stdiff/configs/.tmp_pems04_h12_g0_1935183.yaml
[2026-06-17 21:55:24,063] INFO - Using device: cuda:0
[2026-06-17 21:55:31,045] INFO - Epoch 1 Step 50 | loss=0.705318
[2026-06-17 21:55:35,608] INFO - Epoch 1 Step 100 | loss=0.630595
[2026-06-17 21:55:40,142] INFO - Epoch 1 Step 150 | loss=0.682822
[2026-06-17 21:55:44,643] INFO - Epoch 1 Step 200 | loss=0.617114
[2026-06-17 21:55:49,137] INFO - Epoch 1 Step 250 | loss=0.582282
[2026-06-17 21:55:53,648] INFO - Epoch 1 Step 300 | loss=0.617843
[2026-06-17 21:55:55,204] INFO - Epoch 1 | train_loss=0.663385
[2026-06-17 21:55:55,204] INFO - Epoch 1 | start validation (val_batches=106, nsample=20, diffusion_steps=50, max_batches=20)
[2026-06-17 22:00:06,832] INFO - Validation progress | batch 10/106
[2026-06-17 22:04:18,351] INFO - Validation progress | batch 20/106
[2026-06-17 22:04:18,351] INFO - Validation early stop at max_batches=20 (processed 20/106 batches)
[2026-06-17 22:04:18,408] INFO - Epoch 1 | validation finished in 503.20s
[2026-06-17 22:04:18,408] INFO - Epoch 1 | val_mae=29.245615 val_rmse=44.181335 val_mape=0.209436 val_crps=21.690671
[2026-06-17 22:04:18,408] INFO - Epoch 1 | horizon=3 | MAE=24.603058 RMSE=37.228985 CRPS=18.295098
[2026-06-17 22:04:18,408] INFO - Epoch 1 | horizon=6 | MAE=28.188900 RMSE=42.508099 CRPS=20.833496
[2026-06-17 22:04:18,408] INFO - Epoch 1 | horizon=12 | MAE=36.648899 RMSE=53.821941 CRPS=27.266523
[2026-06-17 22:04:23,068] INFO - Epoch 2 Step 50 | loss=0.664023
[2026-06-17 22:04:27,588] INFO - Epoch 2 Step 100 | loss=0.613597
[2026-06-17 22:04:32,101] INFO - Epoch 2 Step 150 | loss=0.569072
[2026-06-17 22:04:36,618] INFO - Epoch 2 Step 200 | loss=0.588199
[2026-06-17 22:04:41,139] INFO - Epoch 2 Step 250 | loss=0.632121
[2026-06-17 22:04:45,660] INFO - Epoch 2 Step 300 | loss=0.669429
[2026-06-17 22:04:47,272] INFO - Epoch 2 | train_loss=0.592992
[2026-06-17 22:04:47,309] INFO - Epoch 2 | start validation (val_batches=106, nsample=20, diffusion_steps=50, max_batches=20)
[2026-06-17 22:08:58,996] INFO - Validation progress | batch 10/106
[2026-06-17 22:13:10,574] INFO - Validation progress | batch 20/106
[2026-06-17 22:13:10,575] INFO - Validation early stop at max_batches=20 (processed 20/106 batches)
[2026-06-17 22:13:10,609] INFO - Epoch 2 | validation finished in 503.30s
[2026-06-17 22:13:10,609] INFO - Epoch 2 | val_mae=28.282749 val_rmse=42.811626 val_mape=0.195795 val_crps=20.873861
[2026-06-17 22:13:10,609] INFO - Epoch 2 | horizon=3 | MAE=25.059715 RMSE=37.602875 CRPS=18.282439
[2026-06-17 22:13:10,609] INFO - Epoch 2 | horizon=6 | MAE=27.186354 RMSE=41.233994 CRPS=20.010299
[2026-06-17 22:13:10,609] INFO - Epoch 2 | horizon=12 | MAE=33.913837 RMSE=51.052280 CRPS=25.531081
[2026-06-17 22:13:15,635] INFO - Epoch 3 Step 50 | loss=0.497810
[2026-06-17 22:13:20,162] INFO - Epoch 3 Step 100 | loss=0.547785
[2026-06-17 22:13:24,662] INFO - Epoch 3 Step 150 | loss=0.468287
[2026-06-17 22:13:29,177] INFO - Epoch 3 Step 200 | loss=0.505275
[2026-06-17 22:13:33,679] INFO - Epoch 3 Step 250 | loss=0.451482
[2026-06-17 22:13:38,190] INFO - Epoch 3 Step 300 | loss=0.603559
[2026-06-17 22:13:39,769] INFO - Epoch 3 | train_loss=0.565755
[2026-06-17 22:13:39,769] INFO - Epoch 3 | start validation (val_batches=106, nsample=20, diffusion_steps=50, max_batches=20)
[2026-06-17 22:17:51,459] INFO - Validation progress | batch 10/106
[2026-06-17 22:22:03,036] INFO - Validation progress | batch 20/106
[2026-06-17 22:22:03,036] INFO - Validation early stop at max_batches=20 (processed 20/106 batches)
[2026-06-17 22:22:03,073] INFO - Epoch 3 | validation finished in 503.30s
[2026-06-17 22:22:03,073] INFO - Epoch 3 | val_mae=28.398083 val_rmse=43.097855 val_mape=0.179002 val_crps=20.934961
[2026-06-17 22:22:03,073] INFO - Epoch 3 | horizon=3 | MAE=24.810036 RMSE=37.514984 CRPS=18.144793
[2026-06-17 22:22:03,073] INFO - Epoch 3 | horizon=6 | MAE=27.856697 RMSE=42.262501 CRPS=20.472631
[2026-06-17 22:22:03,073] INFO - Epoch 3 | horizon=12 | MAE=34.098911 RMSE=50.911694 CRPS=25.466191
[2026-06-17 22:22:08,125] INFO - Epoch 4 Step 50 | loss=0.607910
[2026-06-17 22:22:12,649] INFO - Epoch 4 Step 100 | loss=0.532194
[2026-06-17 22:22:17,207] INFO - Epoch 4 Step 150 | loss=0.573687
[2026-06-17 22:22:21,725] INFO - Epoch 4 Step 200 | loss=0.553705
[2026-06-17 22:22:26,226] INFO - Epoch 4 Step 250 | loss=0.583377
[2026-06-17 22:22:30,736] INFO - Epoch 4 Step 300 | loss=0.621894
[2026-06-17 22:22:32,306] INFO - Epoch 4 | train_loss=0.560492
[2026-06-17 22:22:32,306] INFO - Epoch 4 | start validation (val_batches=106, nsample=20, diffusion_steps=50, max_batches=20)
[2026-06-17 22:26:43,948] INFO - Validation progress | batch 10/106
[2026-06-17 22:30:55,505] INFO - Validation progress | batch 20/106
[2026-06-17 22:30:55,579] INFO - Validation early stop at max_batches=20 (processed 20/106 batches)
[2026-06-17 22:30:55,615] INFO - Epoch 4 | validation finished in 503.31s
[2026-06-17 22:30:55,615] INFO - Epoch 4 | val_mae=28.786827 val_rmse=42.633671 val_mape=0.222233 val_crps=20.692757
[2026-06-17 22:30:55,615] INFO - Epoch 4 | horizon=3 | MAE=26.267540 RMSE=38.462872 CRPS=18.594345
[2026-06-17 22:30:55,615] INFO - Epoch 4 | horizon=6 | MAE=28.521330 RMSE=42.105007 CRPS=20.419080
[2026-06-17 22:30:55,615] INFO - Epoch 4 | horizon=12 | MAE=32.894310 RMSE=48.666584 CRPS=24.169385
[2026-06-17 22:31:01,317] INFO - Epoch 5 Step 50 | loss=0.577539
[2026-06-17 22:31:05,824] INFO - Epoch 5 Step 100 | loss=0.586008
[2026-06-17 22:31:10,321] INFO - Epoch 5 Step 150 | loss=0.637381
[2026-06-17 22:31:14,833] INFO - Epoch 5 Step 200 | loss=0.546331
[2026-06-17 22:31:19,334] INFO - Epoch 5 Step 250 | loss=0.625851
[2026-06-17 22:31:23,853] INFO - Epoch 5 Step 300 | loss=0.583798
[2026-06-17 22:31:25,446] INFO - Epoch 5 | train_loss=0.551055
[2026-06-17 22:31:25,447] INFO - Epoch 5 | start validation (val_batches=106, nsample=20, diffusion_steps=50, max_batches=20)
[2026-06-17 22:35:37,188] INFO - Validation progress | batch 10/106
[2026-06-17 22:43:44,192] INFO - Validation progress | batch 20/106
[2026-06-17 22:43:44,192] INFO - Validation early stop at max_batches=20 (processed 20/106 batches)
[2026-06-17 22:43:44,795] INFO - Epoch 5 | validation finished in 739.35s
[2026-06-17 22:43:44,795] INFO - Epoch 5 | val_mae=26.804321 val_rmse=41.200790 val_mape=0.172651 val_crps=19.803075
[2026-06-17 22:43:44,795] INFO - Epoch 5 | horizon=3 | MAE=23.188528 RMSE=35.718502 CRPS=17.009292
[2026-06-17 22:43:44,795] INFO - Epoch 5 | horizon=6 | MAE=26.093433 RMSE=40.095493 CRPS=19.179242
[2026-06-17 22:43:44,795] INFO - Epoch 5 | horizon=12 | MAE=32.688435 RMSE=48.800629 CRPS=24.406580
[2026-06-17 22:43:56,726] INFO - Epoch 6 Step 50 | loss=0.576547
[2026-06-17 22:44:06,905] INFO - Epoch 6 Step 100 | loss=0.543399
[2026-06-17 22:44:16,680] INFO - Epoch 6 Step 150 | loss=0.615108
[2026-06-17 22:44:26,820] INFO - Epoch 6 Step 200 | loss=0.672721
[2026-06-17 22:44:36,988] INFO - Epoch 6 Step 250 | loss=0.626853
[2026-06-17 22:44:46,720] INFO - Epoch 6 Step 300 | loss=0.568284
[2026-06-17 22:44:50,208] INFO - Epoch 6 | train_loss=0.549319
[2026-06-17 22:44:50,208] INFO - Epoch 6 | start validation (val_batches=106, nsample=20, diffusion_steps=50, max_batches=20)
[2026-06-17 22:54:16,043] INFO - Validation progress | batch 10/106
[2026-06-17 23:03:43,274] INFO - Validation progress | batch 20/106
[2026-06-17 23:03:43,274] INFO - Validation early stop at max_batches=20 (processed 20/106 batches)
[2026-06-17 23:03:43,596] INFO - Epoch 6 | validation finished in 1133.39s
[2026-06-17 23:03:43,596] INFO - Epoch 6 | val_mae=26.144348 val_rmse=40.349438 val_mape=0.169052 val_crps=19.305561
[2026-06-17 23:03:43,596] INFO - Epoch 6 | horizon=3 | MAE=22.951786 RMSE=35.468674 CRPS=16.883419
[2026-06-17 23:03:43,596] INFO - Epoch 6 | horizon=6 | MAE=25.724909 RMSE=39.759232 CRPS=18.942111
[2026-06-17 23:03:43,596] INFO - Epoch 6 | horizon=12 | MAE=31.363691 RMSE=47.259583 CRPS=23.338785
[2026-06-17 23:03:54,810] INFO - Epoch 7 Step 50 | loss=0.558177
[2026-06-17 23:04:04,616] INFO - Epoch 7 Step 100 | loss=0.493199
[2026-06-17 23:04:14,797] INFO - Epoch 7 Step 150 | loss=0.585966
[2026-06-17 23:04:24,966] INFO - Epoch 7 Step 200 | loss=0.459391
[2026-06-17 23:04:34,579] INFO - Epoch 7 Step 250 | loss=0.531006
[2026-06-17 23:04:44,737] INFO - Epoch 7 Step 300 | loss=0.521746
[2026-06-17 23:04:48,251] INFO - Epoch 7 | train_loss=0.543704
[2026-06-17 23:04:48,251] INFO - Epoch 7 | start validation (val_batches=106, nsample=20, diffusion_steps=50, max_batches=20)
[2026-06-17 23:14:14,849] INFO - Validation progress | batch 10/106
[2026-06-17 23:23:42,241] INFO - Validation progress | batch 20/106
[2026-06-17 23:23:42,241] INFO - Validation early stop at max_batches=20 (processed 20/106 batches)
[2026-06-17 23:23:42,326] INFO - Epoch 7 | validation finished in 1134.07s
[2026-06-17 23:23:42,326] INFO - Epoch 7 | val_mae=26.528444 val_rmse=40.688889 val_mape=0.176786 val_crps=19.429193
[2026-06-17 23:23:42,326] INFO - Epoch 7 | horizon=3 | MAE=23.248396 RMSE=35.643856 CRPS=16.965169
[2026-06-17 23:23:42,326] INFO - Epoch 7 | horizon=6 | MAE=26.095779 RMSE=40.115952 CRPS=19.039221
[2026-06-17 23:23:42,326] INFO - Epoch 7 | horizon=12 | MAE=32.089729 RMSE=47.955452 CRPS=23.682910
[2026-06-17 23:23:52,992] INFO - Epoch 8 Step 50 | loss=0.459928
[2026-06-17 23:24:02,597] INFO - Epoch 8 Step 100 | loss=0.493614
[2026-06-17 23:24:12,792] INFO - Epoch 8 Step 150 | loss=0.568429
[2026-06-17 23:24:23,016] INFO - Epoch 8 Step 200 | loss=0.487145
[2026-06-17 23:24:32,544] INFO - Epoch 8 Step 250 | loss=0.622615
[2026-06-17 23:24:42,717] INFO - Epoch 8 Step 300 | loss=0.597563
[2026-06-17 23:24:46,199] INFO - Epoch 8 | train_loss=0.540310
[2026-06-17 23:24:46,200] INFO - Epoch 8 | start validation (val_batches=106, nsample=20, diffusion_steps=50, max_batches=20)
[2026-06-17 23:34:12,520] INFO - Validation progress | batch 10/106
[2026-06-17 23:43:38,669] INFO - Validation progress | batch 20/106
[2026-06-17 23:43:38,669] INFO - Validation early stop at max_batches=20 (processed 20/106 batches)
[2026-06-17 23:43:38,752] INFO - Epoch 8 | validation finished in 1132.55s
[2026-06-17 23:43:38,752] INFO - Epoch 8 | val_mae=26.897106 val_rmse=41.358578 val_mape=0.165780 val_crps=19.701888
[2026-06-17 23:43:38,752] INFO - Epoch 8 | horizon=3 | MAE=23.474882 RMSE=36.210915 CRPS=17.059769
[2026-06-17 23:43:38,752] INFO - Epoch 8 | horizon=6 | MAE=26.191656 RMSE=40.365257 CRPS=19.098260
[2026-06-17 23:43:38,752] INFO - Epoch 8 | horizon=12 | MAE=32.968201 RMSE=49.102787 CRPS=24.480149
[2026-06-17 23:43:49,122] INFO - Epoch 9 Step 50 | loss=0.610689
[2026-06-17 23:43:59,019] INFO - Epoch 9 Step 100 | loss=0.528752
[2026-06-17 23:44:09,196] INFO - Epoch 9 Step 150 | loss=0.616476
[2026-06-17 23:44:19,378] INFO - Epoch 9 Step 200 | loss=0.506913
[2026-06-17 23:44:29,022] INFO - Epoch 9 Step 250 | loss=0.535219
[2026-06-17 23:44:39,204] INFO - Epoch 9 Step 300 | loss=0.573716
[2026-06-17 23:44:42,711] INFO - Epoch 9 | train_loss=0.534453
[2026-06-17 23:44:42,711] INFO - Epoch 9 | start validation (val_batches=106, nsample=20, diffusion_steps=50, max_batches=20)
